0 info it worked if it ends with ok
1 verbose cli [ '/opt/node-v4.0.0-linux-x64/bin/node',
1 verbose cli   '/opt/node-v4.0.0-linux-x64/bin/npm',
1 verbose cli   'run',
1 verbose cli   'lint' ]
2 info using npm@2.14.2
3 info using node@v4.0.0
4 verbose run-script [ 'prelint', 'lint', 'postlint' ]
5 info prelint polls@0.0.1
6 info lint polls@0.0.1
7 verbose unsafe-perm in lifecycle true
8 info polls@0.0.1 Failed to exec lint script
9 verbose stack Error: polls@0.0.1 lint: `eslint --ext=jsx --ext=js src/ test/`
9 verbose stack Exit status 1
9 verbose stack     at EventEmitter.<anonymous> (/opt/node-v4.0.0-linux-x64/lib/node_modules/npm/lib/utils/lifecycle.js:214:16)
9 verbose stack     at emitTwo (events.js:87:13)
9 verbose stack     at EventEmitter.emit (events.js:172:7)
9 verbose stack     at ChildProcess.<anonymous> (/opt/node-v4.0.0-linux-x64/lib/node_modules/npm/lib/utils/spawn.js:24:14)
9 verbose stack     at emitTwo (events.js:87:13)
9 verbose stack     at ChildProcess.emit (events.js:172:7)
9 verbose stack     at maybeClose (internal/child_process.js:817:16)
9 verbose stack     at Process.ChildProcess._handle.onexit (internal/child_process.js:211:5)
10 verbose pkgid polls@0.0.1
11 verbose cwd /home/jperez/projects/polls
12 error Linux 3.6.1-1.fc17.x86_64
13 error argv "/opt/node-v4.0.0-linux-x64/bin/node" "/opt/node-v4.0.0-linux-x64/bin/npm" "run" "lint"
14 error node v4.0.0
15 error npm  v2.14.2
16 error code ELIFECYCLE
17 error polls@0.0.1 lint: `eslint --ext=jsx --ext=js src/ test/`
17 error Exit status 1
18 error Failed at the polls@0.0.1 lint script 'eslint --ext=jsx --ext=js src/ test/'.
18 error This is most likely a problem with the polls package,
18 error not with npm itself.
18 error Tell the author that this fails on your system:
18 error     eslint --ext=jsx --ext=js src/ test/
18 error You can get their info via:
18 error     npm owner ls polls
18 error There is likely additional logging output above.
19 verbose exit [ 1, true ]
